# JRE version: Java(TM) SE Runtime Environment (8.0_172-b11) (build 1.8.0_172-b11)
# Java VM: Java HotSpot(TM) 64-Bit Server VM (25.172-b11 mixed mode linux-amd64 compressed oops)
Heap:
 PSYoungGen      total 490496K, used 31717K [0x000000076d100000, 0x000000078c780000, 0x00000007c0000000)
  eden space 472576K, 6% used [0x000000076d100000,0x000000076eff9470,0x0000000789e80000)
  from space 17920K, 0% used [0x000000078b100000,0x000000078b100000,0x000000078c280000)
  to   space 18944K, 0% used [0x0000000789e80000,0x0000000789e80000,0x000000078b100000)
 ParOldGen       total 330240K, used 28383K [0x00000006c7200000, 0x00000006db480000, 0x000000076d100000)
  object space 330240K, 8% used [0x00000006c7200000,0x00000006c8db7ce0,0x00000006db480000)
 Metaspace       used 69562K, capacity 71636K, committed 71936K, reserved 1112064K
  class space    used 7953K, capacity 8338K, committed 8448K, reserved 1048576K
GC Heap History (10 events):
Event: 6.955 GC heap before
{Heap before GC invocations=13 (full 3):
 PSYoungGen      total 404480K, used 10173K [0x000000076d100000, 0x0000000788980000, 0x00000007c0000000)
  eden space 385536K, 0% used [0x000000076d100000,0x000000076d100000,0x0000000784980000)
  from space 18944K, 53% used [0x0000000785b00000,0x00000007864ef710,0x0000000786d80000)
  to   space 17920K, 0% used [0x0000000784980000,0x0000000784980000,0x0000000785b00000)
 ParOldGen       total 142848K, used 32463K [0x00000006c7200000, 0x00000006cfd80000, 0x000000076d100000)
  object space 142848K, 22% used [0x00000006c7200000,0x00000006c91b3c60,0x00000006cfd80000)
 Metaspace       used 57069K, capacity 58956K, committed 59028K, reserved 1101824K
  class space    used 7068K, capacity 7424K, committed 7424K, reserved 1048576K
Event: 7.093 GC heap after
Heap after GC invocations=13 (full 3):
 PSYoungGen      total 404480K, used 0K [0x000000076d100000, 0x0000000788980000, 0x00000007c0000000)
  eden space 385536K, 0% used [0x000000076d100000,0x000000076d100000,0x0000000784980000)
  from space 18944K, 0% used [0x0000000785b00000,0x0000000785b00000,0x0000000786d80000)
  to   space 17920K, 0% used [0x0000000784980000,0x0000000784980000,0x0000000785b00000)
 ParOldGen       total 208384K, used 29827K [0x00000006c7200000, 0x00000006d3d80000, 0x000000076d100000)
  object space 208384K, 14% used [0x00000006c7200000,0x00000006c8f20f58,0x00000006d3d80000)
 Metaspace       used 57069K, capacity 58956K, committed 59028K, reserved 1101824K
  class space    used 7068K, capacity 7424K, committed 7424K, reserved 1048576K
}
Event: 3214.706 GC heap before
{Heap before GC invocations=14 (full 3):
 PSYoungGen      total 404480K, used 250988K [0x000000076d100000, 0x0000000788980000, 0x00000007c0000000)
  eden space 385536K, 65% used [0x000000076d100000,0x000000077c61b248,0x0000000784980000)
  from space 18944K, 0% used [0x0000000785b00000,0x0000000785b00000,0x0000000786d80000)
  to   space 17920K, 0% used [0x0000000784980000,0x0000000784980000,0x0000000785b00000)
 ParOldGen       total 208384K, used 29827K [0x00000006c7200000, 0x00000006d3d80000, 0x000000076d100000)
  object space 208384K, 14% used [0x00000006c7200000,0x00000006c8f20f58,0x00000006d3d80000)
 Metaspace       used 69627K, capacity 71744K, committed 71936K, reserved 1112064K
  class space    used 7963K, capacity 8356K, committed 8448K, reserved 1048576K
Event: 3214.716 GC heap after
Heap after GC invocations=14 (full 3):
 PSYoungGen      total 403456K, used 5134K [0x000000076d100000, 0x000000078c280000, 0x00000007c0000000)
  eden space 385536K, 0% used [0x000000076d100000,0x000000076d100000,0x0000000784980000)
  from space 17920K, 28% used [0x0000000784980000,0x0000000784e83b58,0x0000000785b00000)
  to   space 17920K, 0% used [0x000000078b100000,0x000000078b100000,0x000000078c280000)
 ParOldGen       total 208384K, used 29835K [0x00000006c7200000, 0x00000006d3d80000, 0x000000076d100000)
  object space 208384K, 14% used [0x00000006c7200000,0x00000006c8f22f58,0x00000006d3d80000)
 Metaspace       used 69627K, capacity 71744K, committed 71936K, reserved 1112064K
  class space    used 7963K, capacity 8356K, committed 8448K, reserved 1048576K
}
Event: 3214.716 GC heap before
{Heap before GC invocations=15 (full 4):
 PSYoungGen      total 403456K, used 5134K [0x000000076d100000, 0x000000078c280000, 0x00000007c0000000)
  eden space 385536K, 0% used [0x000000076d100000,0x000000076d100000,0x0000000784980000)
  from space 17920K, 28% used [0x0000000784980000,0x0000000784e83b58,0x0000000785b00000)
  to   space 17920K, 0% used [0x000000078b100000,0x000000078b100000,0x000000078c280000)
 ParOldGen       total 208384K, used 29835K [0x00000006c7200000, 0x00000006d3d80000, 0x000000076d100000)
  object space 208384K, 14% used [0x00000006c7200000,0x00000006c8f22f58,0x00000006d3d80000)
 Metaspace       used 69627K, capacity 71744K, committed 71936K, reserved 1112064K
  class space    used 7963K, capacity 8356K, committed 8448K, reserved 1048576K
Event: 3215.043 GC heap after
Heap after GC invocations=15 (full 4):
 PSYoungGen      total 403456K, used 0K [0x000000076d100000, 0x000000078c280000, 0x00000007c0000000)
  eden space 385536K, 0% used [0x000000076d100000,0x000000076d100000,0x0000000784980000)
  from space 17920K, 0% used [0x0000000784980000,0x0000000784980000,0x0000000785b00000)
  to   space 17920K, 0% used [0x000000078b100000,0x000000078b100000,0x000000078c280000)
 ParOldGen       total 264704K, used 29364K [0x00000006c7200000, 0x00000006d7480000, 0x000000076d100000)
  object space 264704K, 11% used [0x00000006c7200000,0x00000006c8ead140,0x00000006d7480000)
 Metaspace       used 69561K, capacity 71636K, committed 71936K, reserved 1112064K
  class space    used 7953K, capacity 8338K, committed 8448K, reserved 1048576K
}
Event: 3216.034 GC heap before
{Heap before GC invocations=16 (full 4):
 PSYoungGen      total 403456K, used 20735K [0x000000076d100000, 0x000000078c280000, 0x00000007c0000000)
  eden space 385536K, 5% used [0x000000076d100000,0x000000076e53fc78,0x0000000784980000)
  from space 17920K, 0% used [0x0000000784980000,0x0000000784980000,0x0000000785b00000)
  to   space 17920K, 0% used [0x000000078b100000,0x000000078b100000,0x000000078c280000)
 ParOldGen       total 264704K, used 29364K [0x00000006c7200000, 0x00000006d7480000, 0x000000076d100000)
  object space 264704K, 11% used [0x00000006c7200000,0x00000006c8ead140,0x00000006d7480000)
 Metaspace       used 69562K, capacity 71636K, committed 71936K, reserved 1112064K
  class space    used 7953K, capacity 8338K, committed 8448K, reserved 1048576K
Event: 3216.038 GC heap after
Heap after GC invocations=16 (full 4):
 PSYoungGen      total 490496K, used 192K [0x000000076d100000, 0x000000078c780000, 0x00000007c0000000)
  eden space 472576K, 0% used [0x000000076d100000,0x000000076d100000,0x0000000789e80000)
  from space 17920K, 1% used [0x000000078b100000,0x000000078b130000,0x000000078c280000)
  to   space 18944K, 0% used [0x0000000789e80000,0x0000000789e80000,0x000000078b100000)
 ParOldGen       total 264704K, used 29364K [0x00000006c7200000, 0x00000006d7480000, 0x000000076d100000)
  object space 264704K, 11% used [0x00000006c7200000,0x00000006c8ead140,0x00000006d7480000)
 Metaspace       used 69562K, capacity 71636K, committed 71936K, reserved 1112064K
  class space    used 7953K, capacity 8338K, committed 8448K, reserved 1048576K
}
Event: 3216.038 GC heap before
{Heap before GC invocations=17 (full 5):
 PSYoungGen      total 490496K, used 192K [0x000000076d100000, 0x000000078c780000, 0x00000007c0000000)
  eden space 472576K, 0% used [0x000000076d100000,0x000000076d100000,0x0000000789e80000)
  from space 17920K, 1% used [0x000000078b100000,0x000000078b130000,0x000000078c280000)
  to   space 18944K, 0% used [0x0000000789e80000,0x0000000789e80000,0x000000078b100000)
 ParOldGen       total 264704K, used 29364K [0x00000006c7200000, 0x00000006d7480000, 0x000000076d100000)
  object space 264704K, 11% used [0x00000006c7200000,0x00000006c8ead140,0x00000006d7480000)
 Metaspace       used 69562K, capacity 71636K, committed 71936K, reserved 1112064K
  class space    used 7953K, capacity 8338K, committed 8448K, reserved 1048576K
Event: 3216.122 GC heap after
Heap after GC invocations=17 (full 5):
 PSYoungGen      total 490496K, used 0K [0x000000076d100000, 0x000000078c780000, 0x00000007c0000000)
  eden space 472576K, 0% used [0x000000076d100000,0x000000076d100000,0x0000000789e80000)
  from space 17920K, 0% used [0x000000078b100000,0x000000078b100000,0x000000078c280000)
  to   space 18944K, 0% used [0x0000000789e80000,0x0000000789e80000,0x000000078b100000)
 ParOldGen       total 330240K, used 28383K [0x00000006c7200000, 0x00000006db480000, 0x000000076d100000)
  object space 330240K, 8% used [0x00000006c7200000,0x00000006c8db7ce0,0x00000006db480000)
 Metaspace       used 69562K, capacity 71636K, committed 71936K, reserved 1112064K
  class space    used 7953K, capacity 8338K, committed 8448K, reserved 1048576K
}

