# JRE version: Java(TM) SE Runtime Environment (8.0_172-b11) (build 1.8.0_172-b11)
# Java VM: Java HotSpot(TM) 64-Bit Server VM (25.172-b11 mixed mode linux-amd64 compressed oops)
Heap:
 PSYoungGen      total 391680K, used 229297K [0x000000076d100000, 0x0000000788c80000, 0x00000007c0000000)
  eden space 373248K, 61% used [0x000000076d100000,0x000000077b0ec5e0,0x0000000783d80000)
  from space 18432K, 0% used [0x0000000784f00000,0x0000000784f00000,0x0000000786100000)
  to   space 17920K, 0% used [0x0000000783d80000,0x0000000783d80000,0x0000000784f00000)
 ParOldGen       total 217088K, used 30342K [0x00000006c7200000, 0x00000006d4600000, 0x000000076d100000)
  object space 217088K, 13% used [0x00000006c7200000,0x00000006c8fa1aa8,0x00000006d4600000)
 Metaspace       used 62441K, capacity 64562K, committed 64896K, reserved 1105920K
  class space    used 7595K, capacity 7971K, committed 8064K, reserved 1048576K
GC Heap History (10 events):
Event: 3.596 GC heap before
{Heap before GC invocations=9 (full 2):
 PSYoungGen      total 217088K, used 9071K [0x000000076d100000, 0x0000000782600000, 0x00000007c0000000)
  eden space 206336K, 0% used [0x000000076d100000,0x000000076d100000,0x0000000779a80000)
  from space 10752K, 84% used [0x0000000779a80000,0x000000077a35bd68,0x000000077a500000)
  to   space 11264K, 0% used [0x0000000781b00000,0x0000000781b00000,0x0000000782600000)
 ParOldGen       total 94208K, used 7684K [0x00000006c7200000, 0x00000006cce00000, 0x000000076d100000)
  object space 94208K, 8% used [0x00000006c7200000,0x00000006c79812a8,0x00000006cce00000)
 Metaspace       used 34418K, capacity 35366K, committed 35496K, reserved 1081344K
  class space    used 4331K, capacity 4569K, committed 4608K, reserved 1048576K
Event: 3.652 GC heap after
Heap after GC invocations=9 (full 2):
 PSYoungGen      total 217088K, used 0K [0x000000076d100000, 0x0000000782600000, 0x00000007c0000000)
  eden space 206336K, 0% used [0x000000076d100000,0x000000076d100000,0x0000000779a80000)
  from space 10752K, 0% used [0x0000000779a80000,0x0000000779a80000,0x000000077a500000)
  to   space 11264K, 0% used [0x0000000781b00000,0x0000000781b00000,0x0000000782600000)
 ParOldGen       total 147968K, used 13514K [0x00000006c7200000, 0x00000006d0280000, 0x000000076d100000)
  object space 147968K, 9% used [0x00000006c7200000,0x00000006c7f32bd8,0x00000006d0280000)
 Metaspace       used 34416K, capacity 35360K, committed 35496K, reserved 1081344K
  class space    used 4330K, capacity 4568K, committed 4608K, reserved 1048576K
}
Event: 5.177 GC heap before
{Heap before GC invocations=10 (full 2):
 PSYoungGen      total 217088K, used 206336K [0x000000076d100000, 0x0000000782600000, 0x00000007c0000000)
  eden space 206336K, 100% used [0x000000076d100000,0x0000000779a80000,0x0000000779a80000)
  from space 10752K, 0% used [0x0000000779a80000,0x0000000779a80000,0x000000077a500000)
  to   space 11264K, 0% used [0x0000000781b00000,0x0000000781b00000,0x0000000782600000)
 ParOldGen       total 147968K, used 13514K [0x00000006c7200000, 0x00000006d0280000, 0x000000076d100000)
  object space 147968K, 9% used [0x00000006c7200000,0x00000006c7f32bd8,0x00000006d0280000)
 Metaspace       used 43963K, capacity 45360K, committed 45568K, reserved 1089536K
  class space    used 5334K, capacity 5596K, committed 5632K, reserved 1048576K
Event: 5.190 GC heap after
Heap after GC invocations=10 (full 2):
 PSYoungGen      total 308736K, used 11250K [0x000000076d100000, 0x0000000782600000, 0x00000007c0000000)
  eden space 297472K, 0% used [0x000000076d100000,0x000000076d100000,0x000000077f380000)
  from space 11264K, 99% used [0x0000000781b00000,0x00000007825fc8d0,0x0000000782600000)
  to   space 13824K, 0% used [0x0000000780b00000,0x0000000780b00000,0x0000000781880000)
 ParOldGen       total 147968K, used 16734K [0x00000006c7200000, 0x00000006d0280000, 0x000000076d100000)
  object space 147968K, 11% used [0x00000006c7200000,0x00000006c8257b70,0x00000006d0280000)
 Metaspace       used 43963K, capacity 45360K, committed 45568K, reserved 1089536K
  class space    used 5334K, capacity 5596K, committed 5632K, reserved 1048576K
}
Event: 6.757 GC heap before
{Heap before GC invocations=11 (full 2):
 PSYoungGen      total 308736K, used 308722K [0x000000076d100000, 0x0000000782600000, 0x00000007c0000000)
  eden space 297472K, 100% used [0x000000076d100000,0x000000077f380000,0x000000077f380000)
  from space 11264K, 99% used [0x0000000781b00000,0x00000007825fc8d0,0x0000000782600000)
  to   space 13824K, 0% used [0x0000000780b00000,0x0000000780b00000,0x0000000781880000)
 ParOldGen       total 147968K, used 16734K [0x00000006c7200000, 0x00000006d0280000, 0x000000076d100000)
  object space 147968K, 11% used [0x00000006c7200000,0x00000006c8257b70,0x00000006d0280000)
 Metaspace       used 54557K, capacity 56250K, committed 56576K, reserved 1099776K
  class space    used 6706K, capacity 7051K, committed 7168K, reserved 1048576K
Event: 6.774 GC heap after
Heap after GC invocations=11 (full 2):
 PSYoungGen      total 335360K, used 13814K [0x000000076d100000, 0x0000000786100000, 0x00000007c0000000)
  eden space 321536K, 0% used [0x000000076d100000,0x000000076d100000,0x0000000780b00000)
  from space 13824K, 99% used [0x0000000780b00000,0x000000078187d810,0x0000000781880000)
  to   space 18432K, 0% used [0x0000000784f00000,0x0000000784f00000,0x0000000786100000)
 ParOldGen       total 147968K, used 24728K [0x00000006c7200000, 0x00000006d0280000, 0x000000076d100000)
  object space 147968K, 16% used [0x00000006c7200000,0x00000006c8a26000,0x00000006d0280000)
 Metaspace       used 54557K, capacity 56250K, committed 56576K, reserved 1099776K
  class space    used 6706K, capacity 7051K, committed 7168K, reserved 1048576K
}
Event: 7.319 GC heap before
{Heap before GC invocations=12 (full 2):
 PSYoungGen      total 335360K, used 120654K [0x000000076d100000, 0x0000000786100000, 0x00000007c0000000)
  eden space 321536K, 33% used [0x000000076d100000,0x0000000773956198,0x0000000780b00000)
  from space 13824K, 99% used [0x0000000780b00000,0x000000078187d810,0x0000000781880000)
  to   space 18432K, 0% used [0x0000000784f00000,0x0000000784f00000,0x0000000786100000)
 ParOldGen       total 147968K, used 24728K [0x00000006c7200000, 0x00000006d0280000, 0x000000076d100000)
  object space 147968K, 16% used [0x00000006c7200000,0x00000006c8a26000,0x00000006d0280000)
 Metaspace       used 57192K, capacity 59136K, committed 59136K, reserved 1101824K
  class space    used 7087K, capacity 7424K, committed 7424K, reserved 1048576K
Event: 7.341 GC heap after
Heap after GC invocations=12 (full 2):
 PSYoungGen      total 391680K, used 10504K [0x000000076d100000, 0x0000000788c80000, 0x00000007c0000000)
  eden space 373248K, 0% used [0x000000076d100000,0x000000076d100000,0x0000000783d80000)
  from space 18432K, 56% used [0x0000000784f00000,0x0000000785942370,0x0000000786100000)
  to   space 17920K, 0% used [0x0000000783d80000,0x0000000783d80000,0x0000000784f00000)
 ParOldGen       total 147968K, used 32781K [0x00000006c7200000, 0x00000006d0280000, 0x000000076d100000)
  object space 147968K, 22% used [0x00000006c7200000,0x00000006c9203608,0x00000006d0280000)
 Metaspace       used 57192K, capacity 59136K, committed 59136K, reserved 1101824K
  class space    used 7087K, capacity 7424K, committed 7424K, reserved 1048576K
}
Event: 7.341 GC heap before
{Heap before GC invocations=13 (full 3):
 PSYoungGen      total 391680K, used 10504K [0x000000076d100000, 0x0000000788c80000, 0x00000007c0000000)
  eden space 373248K, 0% used [0x000000076d100000,0x000000076d100000,0x0000000783d80000)
  from space 18432K, 56% used [0x0000000784f00000,0x0000000785942370,0x0000000786100000)
  to   space 17920K, 0% used [0x0000000783d80000,0x0000000783d80000,0x0000000784f00000)
 ParOldGen       total 147968K, used 32781K [0x00000006c7200000, 0x00000006d0280000, 0x000000076d100000)
  object space 147968K, 22% used [0x00000006c7200000,0x00000006c9203608,0x00000006d0280000)
 Metaspace       used 57192K, capacity 59136K, committed 59136K, reserved 1101824K
  class space    used 7087K, capacity 7424K, committed 7424K, reserved 1048576K
Event: 7.503 GC heap after
Heap after GC invocations=13 (full 3):
 PSYoungGen      total 391680K, used 0K [0x000000076d100000, 0x0000000788c80000, 0x00000007c0000000)
  eden space 373248K, 0% used [0x000000076d100000,0x000000076d100000,0x0000000783d80000)
  from space 18432K, 0% used [0x0000000784f00000,0x0000000784f00000,0x0000000786100000)
  to   space 17920K, 0% used [0x0000000783d80000,0x0000000783d80000,0x0000000784f00000)
 ParOldGen       total 217088K, used 30342K [0x00000006c7200000, 0x00000006d4600000, 0x000000076d100000)
  object space 217088K, 13% used [0x00000006c7200000,0x00000006c8fa1aa8,0x00000006d4600000)
 Metaspace       used 57192K, capacity 59136K, committed 59136K, reserved 1101824K
  class space    used 7087K, capacity 7424K, committed 7424K, reserved 1048576K
}

