# JRE version: Java(TM) SE Runtime Environment (8.0_172-b11) (build 1.8.0_172-b11)
# Java VM: Java HotSpot(TM) 64-Bit Server VM (25.172-b11 mixed mode linux-amd64 compressed oops)
Heap:
 PSYoungGen      total 93184K, used 48864K [0x000000076d100000, 0x0000000789580000, 0x00000007c0000000)
  eden space 92672K, 52% used [0x000000076d100000,0x00000007700683e8,0x0000000772b80000)
  from space 512K, 62% used [0x0000000789500000,0x0000000789550000,0x0000000789580000)
  to   space 512K, 0% used [0x0000000789480000,0x0000000789480000,0x0000000789500000)
 ParOldGen       total 184320K, used 35002K [0x00000006c7200000, 0x00000006d2600000, 0x000000076d100000)
  object space 184320K, 18% used [0x00000006c7200000,0x00000006c942ea48,0x00000006d2600000)
 Metaspace       used 66110K, capacity 68578K, committed 68864K, reserved 1110016K
  class space    used 7905K, capacity 8351K, committed 8448K, reserved 1048576K
Heap after GC invocations=83 (full 3):
 PSYoungGen      total 99328K, used 320K [0x000000076d100000, 0x0000000789600000, 0x00000007c0000000)
  eden space 98816K, 0% used [0x000000076d100000,0x000000076d100000,0x0000000773180000)
  from space 512K, 62% used [0x0000000789580000,0x00000007895d0000,0x0000000789600000)
  to   space 1024K, 0% used [0x0000000789400000,0x0000000789400000,0x0000000789500000)
 ParOldGen       total 184320K, used 34938K [0x00000006c7200000, 0x00000006d2600000, 0x000000076d100000)
  object space 184320K, 18% used [0x00000006c7200000,0x00000006c941ea48,0x00000006d2600000)
 Metaspace       used 66106K, capacity 68578K, committed 68864K, reserved 1110016K
  class space    used 7904K, capacity 8351K, committed 8448K, reserved 1048576K
Heap after GC invocations=84 (full 3):
 PSYoungGen      total 98304K, used 352K [0x000000076d100000, 0x0000000789600000, 0x00000007c0000000)
  eden space 97280K, 0% used [0x000000076d100000,0x000000076d100000,0x0000000773000000)
  from space 1024K, 34% used [0x0000000789400000,0x0000000789458000,0x0000000789500000)
  to   space 1024K, 0% used [0x0000000789500000,0x0000000789500000,0x0000000789600000)
 ParOldGen       total 184320K, used 34954K [0x00000006c7200000, 0x00000006d2600000, 0x000000076d100000)
  object space 184320K, 18% used [0x00000006c7200000,0x00000006c9422a48,0x00000006d2600000)
 Metaspace       used 66106K, capacity 68578K, committed 68864K, reserved 1110016K
  class space    used 7904K, capacity 8351K, committed 8448K, reserved 1048576K
