# JRE version: Java(TM) SE Runtime Environment (8.0_172-b11) (build 1.8.0_172-b11)
# Java VM: Java HotSpot(TM) 64-Bit Server VM (25.172-b11 mixed mode linux-amd64 compressed oops)
Heap:
 PSYoungGen      total 402944K, used 383488K [0x000000076d100000, 0x0000000788400000, 0x00000007c0000000)
  eden space 383488K, 100% used [0x000000076d100000,0x0000000784780000,0x0000000784780000)
  from space 19456K, 0% used [0x0000000785a00000,0x0000000785a00000,0x0000000786d00000)
  to   space 18944K, 0% used [0x0000000784780000,0x0000000784780000,0x0000000785a00000)
 ParOldGen       total 214528K, used 27852K [0x00000006c7200000, 0x00000006d4380000, 0x000000076d100000)
  object space 214528K, 12% used [0x00000006c7200000,0x00000006c8d33048,0x00000006d4380000)
 Metaspace       used 62214K, capacity 64360K, committed 64640K, reserved 1105920K
  class space    used 7583K, capacity 7968K, committed 8064K, reserved 1048576K
GC Heap History (10 events):
Event: 3.533 GC heap before
{Heap before GC invocations=9 (full 2):
 PSYoungGen      total 211968K, used 9163K [0x000000076d100000, 0x0000000782280000, 0x00000007c0000000)
  eden space 201216K, 0% used [0x000000076d100000,0x000000076d100000,0x0000000779580000)
  from space 10752K, 85% used [0x0000000779580000,0x0000000779e72c10,0x000000077a000000)
  to   space 11264K, 0% used [0x0000000781780000,0x0000000781780000,0x0000000782280000)
 ParOldGen       total 96256K, used 7905K [0x00000006c7200000, 0x00000006cd000000, 0x000000076d100000)
  object space 96256K, 8% used [0x00000006c7200000,0x00000006c79b8400,0x00000006cd000000)
 Metaspace       used 34312K, capacity 35260K, committed 35416K, reserved 1081344K
  class space    used 4321K, capacity 4536K, committed 4608K, reserved 1048576K
Event: 3.594 GC heap after
Heap after GC invocations=9 (full 2):
 PSYoungGen      total 211968K, used 0K [0x000000076d100000, 0x0000000782280000, 0x00000007c0000000)
  eden space 201216K, 0% used [0x000000076d100000,0x000000076d100000,0x0000000779580000)
  from space 10752K, 0% used [0x0000000779580000,0x0000000779580000,0x000000077a000000)
  to   space 11264K, 0% used [0x0000000781780000,0x0000000781780000,0x0000000782280000)
 ParOldGen       total 145920K, used 13417K [0x00000006c7200000, 0x00000006d0080000, 0x000000076d100000)
  object space 145920K, 9% used [0x00000006c7200000,0x00000006c7f1a7e0,0x00000006d0080000)
 Metaspace       used 34312K, capacity 35260K, committed 35416K, reserved 1081344K
  class space    used 4321K, capacity 4536K, committed 4608K, reserved 1048576K
}
Event: 4.873 GC heap before
{Heap before GC invocations=10 (full 2):
 PSYoungGen      total 211968K, used 201216K [0x000000076d100000, 0x0000000782280000, 0x00000007c0000000)
  eden space 201216K, 100% used [0x000000076d100000,0x0000000779580000,0x0000000779580000)
  from space 10752K, 0% used [0x0000000779580000,0x0000000779580000,0x000000077a000000)
  to   space 11264K, 0% used [0x0000000781780000,0x0000000781780000,0x0000000782280000)
 ParOldGen       total 145920K, used 13417K [0x00000006c7200000, 0x00000006d0080000, 0x000000076d100000)
  object space 145920K, 9% used [0x00000006c7200000,0x00000006c7f1a7e0,0x00000006d0080000)
 Metaspace       used 43140K, capacity 44600K, committed 44800K, reserved 1089536K
  class space    used 5244K, capacity 5532K, committed 5632K, reserved 1048576K
Event: 4.887 GC heap after
Heap after GC invocations=10 (full 2):
 PSYoungGen      total 311296K, used 11240K [0x000000076d100000, 0x0000000782280000, 0x00000007c0000000)
  eden space 300032K, 0% used [0x000000076d100000,0x000000076d100000,0x000000077f600000)
  from space 11264K, 99% used [0x0000000781780000,0x000000078227a340,0x0000000782280000)
  to   space 13824K, 0% used [0x0000000780780000,0x0000000780780000,0x0000000781500000)
 ParOldGen       total 145920K, used 16197K [0x00000006c7200000, 0x00000006d0080000, 0x000000076d100000)
  object space 145920K, 11% used [0x00000006c7200000,0x00000006c81d17c0,0x00000006d0080000)
 Metaspace       used 43140K, capacity 44600K, committed 44800K, reserved 1089536K
  class space    used 5244K, capacity 5532K, committed 5632K, reserved 1048576K
}
Event: 6.645 GC heap before
{Heap before GC invocations=11 (full 2):
 PSYoungGen      total 311296K, used 311272K [0x000000076d100000, 0x0000000782280000, 0x00000007c0000000)
  eden space 300032K, 100% used [0x000000076d100000,0x000000077f600000,0x000000077f600000)
  from space 11264K, 99% used [0x0000000781780000,0x000000078227a340,0x0000000782280000)
  to   space 13824K, 0% used [0x0000000780780000,0x0000000780780000,0x0000000781500000)
 ParOldGen       total 145920K, used 16197K [0x00000006c7200000, 0x00000006d0080000, 0x000000076d100000)
  object space 145920K, 11% used [0x00000006c7200000,0x00000006c81d17c0,0x00000006d0080000)
 Metaspace       used 54357K, capacity 56060K, committed 56192K, reserved 1097728K
  class space    used 6646K, capacity 6984K, committed 7040K, reserved 1048576K
Event: 6.668 GC heap after
Heap after GC invocations=11 (full 2):
 PSYoungGen      total 331776K, used 13811K [0x000000076d100000, 0x0000000786d00000, 0x00000007c0000000)
  eden space 317952K, 0% used [0x000000076d100000,0x000000076d100000,0x0000000780780000)
  from space 13824K, 99% used [0x0000000780780000,0x00000007814fcc50,0x0000000781500000)
  to   space 19456K, 0% used [0x0000000785a00000,0x0000000785a00000,0x0000000786d00000)
 ParOldGen       total 145920K, used 25971K [0x00000006c7200000, 0x00000006d0080000, 0x000000076d100000)
  object space 145920K, 17% used [0x00000006c7200000,0x00000006c8b5cc48,0x00000006d0080000)
 Metaspace       used 54357K, capacity 56060K, committed 56192K, reserved 1097728K
  class space    used 6646K, capacity 6984K, committed 7040K, reserved 1048576K
}
Event: 7.370 GC heap before
{Heap before GC invocations=12 (full 2):
 PSYoungGen      total 331776K, used 65543K [0x000000076d100000, 0x0000000786d00000, 0x00000007c0000000)
  eden space 317952K, 16% used [0x000000076d100000,0x00000007703851e0,0x0000000780780000)
  from space 13824K, 99% used [0x0000000780780000,0x00000007814fcc50,0x0000000781500000)
  to   space 19456K, 0% used [0x0000000785a00000,0x0000000785a00000,0x0000000786d00000)
 ParOldGen       total 145920K, used 25971K [0x00000006c7200000, 0x00000006d0080000, 0x000000076d100000)
  object space 145920K, 17% used [0x00000006c7200000,0x00000006c8b5cc48,0x00000006d0080000)
 Metaspace       used 57201K, capacity 58938K, committed 59028K, reserved 1101824K
  class space    used 7002K, capacity 7337K, committed 7424K, reserved 1048576K
Event: 7.387 GC heap after
Heap after GC invocations=12 (full 2):
 PSYoungGen      total 402944K, used 7924K [0x000000076d100000, 0x0000000788400000, 0x00000007c0000000)
  eden space 383488K, 0% used [0x000000076d100000,0x000000076d100000,0x0000000784780000)
  from space 19456K, 40% used [0x0000000785a00000,0x00000007861bd358,0x0000000786d00000)
  to   space 18944K, 0% used [0x0000000784780000,0x0000000784780000,0x0000000785a00000)
 ParOldGen       total 145920K, used 34164K [0x00000006c7200000, 0x00000006d0080000, 0x000000076d100000)
  object space 145920K, 23% used [0x00000006c7200000,0x00000006c935d070,0x00000006d0080000)
 Metaspace       used 57201K, capacity 58938K, committed 59028K, reserved 1101824K
  class space    used 7002K, capacity 7337K, committed 7424K, reserved 1048576K
}
Event: 7.387 GC heap before
{Heap before GC invocations=13 (full 3):
 PSYoungGen      total 402944K, used 7924K [0x000000076d100000, 0x0000000788400000, 0x00000007c0000000)
  eden space 383488K, 0% used [0x000000076d100000,0x000000076d100000,0x0000000784780000)
  from space 19456K, 40% used [0x0000000785a00000,0x00000007861bd358,0x0000000786d00000)
  to   space 18944K, 0% used [0x0000000784780000,0x0000000784780000,0x0000000785a00000)
 ParOldGen       total 145920K, used 34164K [0x00000006c7200000, 0x00000006d0080000, 0x000000076d100000)
  object space 145920K, 23% used [0x00000006c7200000,0x00000006c935d070,0x00000006d0080000)
 Metaspace       used 57201K, capacity 58938K, committed 59028K, reserved 1101824K
  class space    used 7002K, capacity 7337K, committed 7424K, reserved 1048576K
Event: 7.556 GC heap after
Heap after GC invocations=13 (full 3):
 PSYoungGen      total 402944K, used 0K [0x000000076d100000, 0x0000000788400000, 0x00000007c0000000)
  eden space 383488K, 0% used [0x000000076d100000,0x000000076d100000,0x0000000784780000)
  from space 19456K, 0% used [0x0000000785a00000,0x0000000785a00000,0x0000000786d00000)
  to   space 18944K, 0% used [0x0000000784780000,0x0000000784780000,0x0000000785a00000)
 ParOldGen       total 214528K, used 27852K [0x00000006c7200000, 0x00000006d4380000, 0x000000076d100000)
  object space 214528K, 12% used [0x00000006c7200000,0x00000006c8d33048,0x00000006d4380000)
 Metaspace       used 57181K, capacity 58908K, committed 59028K, reserved 1101824K
  class space    used 6999K, capacity 7332K, committed 7424K, reserved 1048576K
}

