# JRE version: Java(TM) SE Runtime Environment (8.0_172-b11) (build 1.8.0_172-b11)
# Java VM: Java HotSpot(TM) 64-Bit Server VM (25.172-b11 mixed mode linux-amd64 compressed oops)
Heap:
 PSYoungGen      total 350720K, used 215302K [0x000000076d100000, 0x0000000784d00000, 0x00000007c0000000)
  eden space 332288K, 64% used [0x000000076d100000,0x000000077a341a00,0x0000000781580000)
  from space 18432K, 0% used [0x0000000782980000,0x0000000782980000,0x0000000783b80000)
  to   space 20480K, 0% used [0x0000000781580000,0x0000000781580000,0x0000000782980000)
 ParOldGen       total 237568K, used 28049K [0x00000006c7200000, 0x00000006d5a00000, 0x000000076d100000)
  object space 237568K, 11% used [0x00000006c7200000,0x00000006c8d647e0,0x00000006d5a00000)
 Metaspace       used 62096K, capacity 64132K, committed 64384K, reserved 1105920K
  class space    used 7578K, capacity 7952K, committed 8064K, reserved 1048576K
GC Heap History (10 events):
Event: 3.531 GC heap before
{Heap before GC invocations=9 (full 2):
 PSYoungGen      total 204800K, used 8857K [0x000000076d100000, 0x0000000780100000, 0x00000007c0000000)
  eden space 194048K, 0% used [0x000000076d100000,0x000000076d100000,0x0000000778e80000)
  from space 10752K, 82% used [0x0000000778e80000,0x00000007797267e8,0x0000000779900000)
  to   space 11264K, 0% used [0x000000077f600000,0x000000077f600000,0x0000000780100000)
 ParOldGen       total 99328K, used 7907K [0x00000006c7200000, 0x00000006cd300000, 0x000000076d100000)
  object space 99328K, 7% used [0x00000006c7200000,0x00000006c79b8da0,0x00000006cd300000)
 Metaspace       used 34310K, capacity 35296K, committed 35416K, reserved 1081344K
  class space    used 4326K, capacity 4568K, committed 4608K, reserved 1048576K
Event: 3.591 GC heap after
Heap after GC invocations=9 (full 2):
 PSYoungGen      total 204800K, used 0K [0x000000076d100000, 0x0000000780100000, 0x00000007c0000000)
  eden space 194048K, 0% used [0x000000076d100000,0x000000076d100000,0x0000000778e80000)
  from space 10752K, 0% used [0x0000000778e80000,0x0000000778e80000,0x0000000779900000)
  to   space 11264K, 0% used [0x000000077f600000,0x000000077f600000,0x0000000780100000)
 ParOldGen       total 160256K, used 13359K [0x00000006c7200000, 0x00000006d0e80000, 0x000000076d100000)
  object space 160256K, 8% used [0x00000006c7200000,0x00000006c7f0bfd8,0x00000006d0e80000)
 Metaspace       used 34310K, capacity 35296K, committed 35416K, reserved 1081344K
  class space    used 4326K, capacity 4568K, committed 4608K, reserved 1048576K
}
Event: 4.821 GC heap before
{Heap before GC invocations=10 (full 2):
 PSYoungGen      total 204800K, used 194048K [0x000000076d100000, 0x0000000780100000, 0x00000007c0000000)
  eden space 194048K, 100% used [0x000000076d100000,0x0000000778e80000,0x0000000778e80000)
  from space 10752K, 0% used [0x0000000778e80000,0x0000000778e80000,0x0000000779900000)
  to   space 11264K, 0% used [0x000000077f600000,0x000000077f600000,0x0000000780100000)
 ParOldGen       total 160256K, used 13359K [0x00000006c7200000, 0x00000006d0e80000, 0x000000076d100000)
  object space 160256K, 8% used [0x00000006c7200000,0x00000006c7f0bfd8,0x00000006d0e80000)
 Metaspace       used 42671K, capacity 44128K, committed 44160K, reserved 1087488K
  class space    used 5197K, capacity 5500K, committed 5504K, reserved 1048576K
Event: 4.836 GC heap after
Heap after GC invocations=10 (full 2):
 PSYoungGen      total 283648K, used 11263K [0x000000076d100000, 0x0000000780100000, 0x00000007c0000000)
  eden space 272384K, 0% used [0x000000076d100000,0x000000076d100000,0x000000077db00000)
  from space 11264K, 99% used [0x000000077f600000,0x00000007800ffdb8,0x0000000780100000)
  to   space 13312K, 0% used [0x000000077e700000,0x000000077e700000,0x000000077f400000)
 ParOldGen       total 160256K, used 15710K [0x00000006c7200000, 0x00000006d0e80000, 0x000000076d100000)
  object space 160256K, 9% used [0x00000006c7200000,0x00000006c8157aa8,0x00000006d0e80000)
 Metaspace       used 42671K, capacity 44128K, committed 44160K, reserved 1087488K
  class space    used 5197K, capacity 5500K, committed 5504K, reserved 1048576K
}
Event: 6.681 GC heap before
{Heap before GC invocations=11 (full 2):
 PSYoungGen      total 283648K, used 283647K [0x000000076d100000, 0x0000000780100000, 0x00000007c0000000)
  eden space 272384K, 100% used [0x000000076d100000,0x000000077db00000,0x000000077db00000)
  from space 11264K, 99% used [0x000000077f600000,0x00000007800ffdb8,0x0000000780100000)
  to   space 13312K, 0% used [0x000000077e700000,0x000000077e700000,0x000000077f400000)
 ParOldGen       total 160256K, used 15710K [0x00000006c7200000, 0x00000006d0e80000, 0x000000076d100000)
  object space 160256K, 9% used [0x00000006c7200000,0x00000006c8157aa8,0x00000006d0e80000)
 Metaspace       used 54728K, capacity 56406K, committed 56576K, reserved 1099776K
  class space    used 6697K, capacity 7041K, committed 7168K, reserved 1048576K
Event: 6.700 GC heap after
Heap after GC invocations=11 (full 2):
 PSYoungGen      total 297984K, used 13299K [0x000000076d100000, 0x0000000783b80000, 0x00000007c0000000)
  eden space 284672K, 0% used [0x000000076d100000,0x000000076d100000,0x000000077e700000)
  from space 13312K, 99% used [0x000000077e700000,0x000000077f3fcec0,0x000000077f400000)
  to   space 18432K, 0% used [0x0000000782980000,0x0000000782980000,0x0000000783b80000)
 ParOldGen       total 160256K, used 24108K [0x00000006c7200000, 0x00000006d0e80000, 0x000000076d100000)
  object space 160256K, 15% used [0x00000006c7200000,0x00000006c898b320,0x00000006d0e80000)
 Metaspace       used 54728K, capacity 56406K, committed 56576K, reserved 1099776K
  class space    used 6697K, capacity 7041K, committed 7168K, reserved 1048576K
}
Event: 7.976 GC heap before
{Heap before GC invocations=12 (full 2):
 PSYoungGen      total 297984K, used 100905K [0x000000076d100000, 0x0000000783b80000, 0x00000007c0000000)
  eden space 284672K, 30% used [0x000000076d100000,0x000000077268d550,0x000000077e700000)
  from space 13312K, 99% used [0x000000077e700000,0x000000077f3fcec0,0x000000077f400000)
  to   space 18432K, 0% used [0x0000000782980000,0x0000000782980000,0x0000000783b80000)
 ParOldGen       total 160256K, used 24108K [0x00000006c7200000, 0x00000006d0e80000, 0x000000076d100000)
  object space 160256K, 15% used [0x00000006c7200000,0x00000006c898b320,0x00000006d0e80000)
 Metaspace       used 57229K, capacity 58988K, committed 59028K, reserved 1101824K
  class space    used 7021K, capacity 7384K, committed 7424K, reserved 1048576K
Event: 7.994 GC heap after
Heap after GC invocations=12 (full 2):
 PSYoungGen      total 350720K, used 17269K [0x000000076d100000, 0x0000000784d00000, 0x00000007c0000000)
  eden space 332288K, 0% used [0x000000076d100000,0x000000076d100000,0x0000000781580000)
  from space 18432K, 93% used [0x0000000782980000,0x0000000783a5d6a8,0x0000000783b80000)
  to   space 20480K, 0% used [0x0000000781580000,0x0000000781580000,0x0000000782980000)
 ParOldGen       total 160256K, used 24124K [0x00000006c7200000, 0x00000006d0e80000, 0x000000076d100000)
  object space 160256K, 15% used [0x00000006c7200000,0x00000006c898f338,0x00000006d0e80000)
 Metaspace       used 57229K, capacity 58988K, committed 59028K, reserved 1101824K
  class space    used 7021K, capacity 7384K, committed 7424K, reserved 1048576K
}
Event: 7.994 GC heap before
{Heap before GC invocations=13 (full 3):
 PSYoungGen      total 350720K, used 17269K [0x000000076d100000, 0x0000000784d00000, 0x00000007c0000000)
  eden space 332288K, 0% used [0x000000076d100000,0x000000076d100000,0x0000000781580000)
  from space 18432K, 93% used [0x0000000782980000,0x0000000783a5d6a8,0x0000000783b80000)
  to   space 20480K, 0% used [0x0000000781580000,0x0000000781580000,0x0000000782980000)
 ParOldGen       total 160256K, used 24124K [0x00000006c7200000, 0x00000006d0e80000, 0x000000076d100000)
  object space 160256K, 15% used [0x00000006c7200000,0x00000006c898f338,0x00000006d0e80000)
 Metaspace       used 57229K, capacity 58988K, committed 59028K, reserved 1101824K
  class space    used 7021K, capacity 7384K, committed 7424K, reserved 1048576K
Event: 8.174 GC heap after
Heap after GC invocations=13 (full 3):
 PSYoungGen      total 350720K, used 0K [0x000000076d100000, 0x0000000784d00000, 0x00000007c0000000)
  eden space 332288K, 0% used [0x000000076d100000,0x000000076d100000,0x0000000781580000)
  from space 18432K, 0% used [0x0000000782980000,0x0000000782980000,0x0000000783b80000)
  to   space 20480K, 0% used [0x0000000781580000,0x0000000781580000,0x0000000782980000)
 ParOldGen       total 237568K, used 28049K [0x00000006c7200000, 0x00000006d5a00000, 0x000000076d100000)
  object space 237568K, 11% used [0x00000006c7200000,0x00000006c8d647e0,0x00000006d5a00000)
 Metaspace       used 57149K, capacity 58862K, committed 59028K, reserved 1101824K
  class space    used 7009K, capacity 7363K, committed 7424K, reserved 1048576K
}

